2013-07-21 00:31:39,612 - ClasspathResourceLoader : initialization complete.
2013-07-21 00:31:39,615 - ResourceCache : initialized. (class org.apache.velocity.runtime.resource.ResourceCacheImpl)
2013-07-21 00:31:39,615 - Default ResourceManager initialization complete.
2013-07-21 00:31:39,616 - Loaded System Directive: org.apache.velocity.runtime.directive.Literal
2013-07-21 00:31:39,618 - Loaded System Directive: org.apache.velocity.runtime.directive.Macro
2013-07-21 00:31:39,621 - Loaded System Directive: org.apache.velocity.runtime.directive.Parse
2013-07-21 00:31:39,622 - Loaded System Directive: org.apache.velocity.runtime.directive.Include
2013-07-21 00:31:39,623 - Loaded System Directive: org.apache.velocity.runtime.directive.Foreach
2013-07-21 00:31:39,647 - Created: 20 parsers.
2013-07-21 00:31:39,656 - Velocimacro : initialization starting.
2013-07-21 00:31:39,656 - Velocimacro : adding VMs from VM library template : VM_global_library.vm
2013-07-21 00:31:39,661 - ResourceManager : unable to find resource 'VM_global_library.vm' in any resource loader.
2013-07-21 00:31:39,661 - Velocimacro : error using  VM library template VM_global_library.vm : org.apache.velocity.exception.ResourceNotFoundException: Unable to find resource 'VM_global_library.vm'
2013-07-21 00:31:39,661 - Velocimacro :  VM library template macro registration complete.
2013-07-21 00:31:39,661 - Velocimacro : allowInline = true : VMs can be defined inline in templates
2013-07-21 00:31:39,661 - Velocimacro : allowInlineToOverride = false : VMs defined inline may NOT replace previous VM definitions
2013-07-21 00:31:39,661 - Velocimacro : allowInlineLocal = false : VMs defined inline will be  global in scope if allowed.
2013-07-21 00:31:39,661 - Velocimacro : messages on  : VM system will output logging messages
2013-07-21 00:31:39,661 - Velocimacro : autoload off  : VM system will not automatically reload global library macros
2013-07-21 00:31:39,661 - Velocimacro : initialization complete.
2013-07-21 00:31:39,661 - Velocity successfully started.
2013-07-21 00:32:46,397 - SimpleLog4JLogSystem initialized using logfile 'velocity.log'
2013-07-21 00:32:46,398 - ************************************************************** 
2013-07-21 00:32:46,398 - Starting Jakarta Velocity v1.4
2013-07-21 00:32:46,398 - RuntimeInstance initializing.
2013-07-21 00:32:46,398 - Default Properties File: org/apache/velocity/runtime/defaults/velocity.properties
2013-07-21 00:32:46,398 - Trying to use logger class org.apache.velocity.runtime.log.SimpleLog4JLogSystem
2013-07-21 00:32:46,398 - Using logger class org.apache.velocity.runtime.log.SimpleLog4JLogSystem
2013-07-21 00:32:46,401 - Default ResourceManager initializing. (class org.apache.velocity.runtime.resource.ResourceManagerImpl)
2013-07-21 00:32:46,403 - Resource Loader Instantiated: org.apache.velocity.runtime.resource.loader.ClasspathResourceLoader
2013-07-21 00:32:46,403 - ClasspathResourceLoader : initialization starting.
2013-07-21 00:32:46,403 - ClasspathResourceLoader : initialization complete.
2013-07-21 00:32:46,405 - ResourceCache : initialized. (class org.apache.velocity.runtime.resource.ResourceCacheImpl)
2013-07-21 00:32:46,405 - Default ResourceManager initialization complete.
2013-07-21 00:32:46,406 - Loaded System Directive: org.apache.velocity.runtime.directive.Literal
2013-07-21 00:32:46,408 - Loaded System Directive: org.apache.velocity.runtime.directive.Macro
2013-07-21 00:32:46,410 - Loaded System Directive: org.apache.velocity.runtime.directive.Parse
2013-07-21 00:32:46,412 - Loaded System Directive: org.apache.velocity.runtime.directive.Include
2013-07-21 00:32:46,413 - Loaded System Directive: org.apache.velocity.runtime.directive.Foreach
2013-07-21 00:32:46,436 - Created: 20 parsers.
2013-07-21 00:32:46,446 - Velocimacro : initialization starting.
2013-07-21 00:32:46,446 - Velocimacro : adding VMs from VM library template : VM_global_library.vm
2013-07-21 00:32:46,449 - ResourceManager : unable to find resource 'VM_global_library.vm' in any resource loader.
2013-07-21 00:32:46,449 - Velocimacro : error using  VM library template VM_global_library.vm : org.apache.velocity.exception.ResourceNotFoundException: Unable to find resource 'VM_global_library.vm'
2013-07-21 00:32:46,449 - Velocimacro :  VM library template macro registration complete.
2013-07-21 00:32:46,449 - Velocimacro : allowInline = true : VMs can be defined inline in templates
2013-07-21 00:32:46,449 - Velocimacro : allowInlineToOverride = false : VMs defined inline may NOT replace previous VM definitions
2013-07-21 00:32:46,449 - Velocimacro : allowInlineLocal = false : VMs defined inline will be  global in scope if allowed.
2013-07-21 00:32:46,450 - Velocimacro : messages on  : VM system will output logging messages
2013-07-21 00:32:46,450 - Velocimacro : autoload off  : VM system will not automatically reload global library macros
2013-07-21 00:32:46,450 - Velocimacro : initialization complete.
2013-07-21 00:32:46,450 - Velocity successfully started.
2013-07-21 00:34:54,235 - SimpleLog4JLogSystem initialized using logfile 'velocity.log'
2013-07-21 00:34:54,235 - ************************************************************** 
2013-07-21 00:34:54,235 - Starting Jakarta Velocity v1.4
2013-07-21 00:34:54,235 - RuntimeInstance initializing.
2013-07-21 00:34:54,235 - Default Properties File: org/apache/velocity/runtime/defaults/velocity.properties
2013-07-21 00:34:54,235 - Trying to use logger class org.apache.velocity.runtime.log.SimpleLog4JLogSystem
2013-07-21 00:34:54,235 - Using logger class org.apache.velocity.runtime.log.SimpleLog4JLogSystem
2013-07-21 00:34:54,238 - Default ResourceManager initializing. (class org.apache.velocity.runtime.resource.ResourceManagerImpl)
2013-07-21 00:34:54,241 - Resource Loader Instantiated: org.apache.velocity.runtime.resource.loader.ClasspathResourceLoader
2013-07-21 00:34:54,241 - ClasspathResourceLoader : initialization starting.
2013-07-21 00:34:54,241 - ClasspathResourceLoader : initialization complete.
2013-07-21 00:34:54,242 - ResourceCache : initialized. (class org.apache.velocity.runtime.resource.ResourceCacheImpl)
2013-07-21 00:34:54,242 - Default ResourceManager initialization complete.
2013-07-21 00:34:54,244 - Loaded System Directive: org.apache.velocity.runtime.directive.Literal
2013-07-21 00:34:54,245 - Loaded System Directive: org.apache.velocity.runtime.directive.Macro
2013-07-21 00:34:54,248 - Loaded System Directive: org.apache.velocity.runtime.directive.Parse
2013-07-21 00:34:54,249 - Loaded System Directive: org.apache.velocity.runtime.directive.Include
2013-07-21 00:34:54,250 - Loaded System Directive: org.apache.velocity.runtime.directive.Foreach
2013-07-21 00:34:54,274 - Created: 20 parsers.
2013-07-21 00:34:54,283 - Velocimacro : initialization starting.
2013-07-21 00:34:54,283 - Velocimacro : adding VMs from VM library template : VM_global_library.vm
2013-07-21 00:34:54,287 - ResourceManager : unable to find resource 'VM_global_library.vm' in any resource loader.
2013-07-21 00:34:54,287 - Velocimacro : error using  VM library template VM_global_library.vm : org.apache.velocity.exception.ResourceNotFoundException: Unable to find resource 'VM_global_library.vm'
2013-07-21 00:34:54,287 - Velocimacro :  VM library template macro registration complete.
2013-07-21 00:34:54,287 - Velocimacro : allowInline = true : VMs can be defined inline in templates
2013-07-21 00:34:54,287 - Velocimacro : allowInlineToOverride = false : VMs defined inline may NOT replace previous VM definitions
2013-07-21 00:34:54,287 - Velocimacro : allowInlineLocal = false : VMs defined inline will be  global in scope if allowed.
2013-07-21 00:34:54,287 - Velocimacro : messages on  : VM system will output logging messages
2013-07-21 00:34:54,287 - Velocimacro : autoload off  : VM system will not automatically reload global library macros
2013-07-21 00:34:54,287 - Velocimacro : initialization complete.
2013-07-21 00:34:54,287 - Velocity successfully started.
2013-07-21 00:39:33,777 - SimpleLog4JLogSystem initialized using logfile 'velocity.log'
2013-07-21 00:39:33,778 - ************************************************************** 
2013-07-21 00:39:33,778 - Starting Jakarta Velocity v1.4
2013-07-21 00:39:33,778 - RuntimeInstance initializing.
2013-07-21 00:39:33,778 - Default Properties File: org/apache/velocity/runtime/defaults/velocity.properties
2013-07-21 00:39:33,778 - Trying to use logger class org.apache.velocity.runtime.log.SimpleLog4JLogSystem
2013-07-21 00:39:33,778 - Using logger class org.apache.velocity.runtime.log.SimpleLog4JLogSystem
2013-07-21 00:39:33,780 - Default ResourceManager initializing. (class org.apache.velocity.runtime.resource.ResourceManagerImpl)
2013-07-21 00:39:33,783 - Resource Loader Instantiated: org.apache.velocity.runtime.resource.loader.ClasspathResourceLoader
2013-07-21 00:39:33,783 - ClasspathResourceLoader : initialization starting.
2013-07-21 00:39:33,783 - ClasspathResourceLoader : initialization complete.
2013-07-21 00:39:33,785 - ResourceCache : initialized. (class org.apache.velocity.runtime.resource.ResourceCacheImpl)
2013-07-21 00:39:33,785 - Default ResourceManager initialization complete.
2013-07-21 00:39:33,786 - Loaded System Directive: org.apache.velocity.runtime.directive.Literal
2013-07-21 00:39:33,788 - Loaded System Directive: org.apache.velocity.runtime.directive.Macro
2013-07-21 00:39:33,791 - Loaded System Directive: org.apache.velocity.runtime.directive.Parse
2013-07-21 00:39:33,793 - Loaded System Directive: org.apache.velocity.runtime.directive.Include
2013-07-21 00:39:33,793 - Loaded System Directive: org.apache.velocity.runtime.directive.Foreach
2013-07-21 00:39:33,817 - Created: 20 parsers.
2013-07-21 00:39:33,826 - Velocimacro : initialization starting.
2013-07-21 00:39:33,826 - Velocimacro : adding VMs from VM library template : VM_global_library.vm
2013-07-21 00:39:33,830 - ResourceManager : unable to find resource 'VM_global_library.vm' in any resource loader.
2013-07-21 00:39:33,830 - Velocimacro : error using  VM library template VM_global_library.vm : org.apache.velocity.exception.ResourceNotFoundException: Unable to find resource 'VM_global_library.vm'
2013-07-21 00:39:33,830 - Velocimacro :  VM library template macro registration complete.
2013-07-21 00:39:33,830 - Velocimacro : allowInline = true : VMs can be defined inline in templates
2013-07-21 00:39:33,830 - Velocimacro : allowInlineToOverride = false : VMs defined inline may NOT replace previous VM definitions
2013-07-21 00:39:33,830 - Velocimacro : allowInlineLocal = false : VMs defined inline will be  global in scope if allowed.
2013-07-21 00:39:33,830 - Velocimacro : messages on  : VM system will output logging messages
2013-07-21 00:39:33,830 - Velocimacro : autoload off  : VM system will not automatically reload global library macros
2013-07-21 00:39:33,830 - Velocimacro : initialization complete.
2013-07-21 00:39:33,830 - Velocity successfully started.
2013-07-21 00:44:00,206 - SimpleLog4JLogSystem initialized using logfile 'velocity.log'
2013-07-21 00:44:00,206 - ************************************************************** 
2013-07-21 00:44:00,206 - Starting Jakarta Velocity v1.4
2013-07-21 00:44:00,206 - RuntimeInstance initializing.
2013-07-21 00:44:00,206 - Default Properties File: org/apache/velocity/runtime/defaults/velocity.properties
2013-07-21 00:44:00,206 - Trying to use logger class org.apache.velocity.runtime.log.SimpleLog4JLogSystem
2013-07-21 00:44:00,206 - Using logger class org.apache.velocity.runtime.log.SimpleLog4JLogSystem
2013-07-21 00:44:00,210 - Default ResourceManager initializing. (class org.apache.velocity.runtime.resource.ResourceManagerImpl)
2013-07-21 00:44:00,213 - Resource Loader Instantiated: org.apache.velocity.runtime.resource.loader.ClasspathResourceLoader
2013-07-21 00:44:00,213 - ClasspathResourceLoader : initialization starting.
2013-07-21 00:44:00,213 - ClasspathResourceLoader : initialization complete.
2013-07-21 00:44:00,215 - ResourceCache : initialized. (class org.apache.velocity.runtime.resource.ResourceCacheImpl)
2013-07-21 00:44:00,215 - Default ResourceManager initialization complete.
2013-07-21 00:44:00,217 - Loaded System Directive: org.apache.velocity.runtime.directive.Literal
2013-07-21 00:44:00,219 - Loaded System Directive: org.apache.velocity.runtime.directive.Macro
2013-07-21 00:44:00,223 - Loaded System Directive: org.apache.velocity.runtime.directive.Parse
2013-07-21 00:44:00,225 - Loaded System Directive: org.apache.velocity.runtime.directive.Include
2013-07-21 00:44:00,226 - Loaded System Directive: org.apache.velocity.runtime.directive.Foreach
2013-07-21 00:44:00,255 - Created: 20 parsers.
2013-07-21 00:44:00,268 - Velocimacro : initialization starting.
2013-07-21 00:44:00,268 - Velocimacro : adding VMs from VM library template : VM_global_library.vm
2013-07-21 00:44:00,273 - ResourceManager : unable to find resource 'VM_global_library.vm' in any resource loader.
2013-07-21 00:44:00,273 - Velocimacro : error using  VM library template VM_global_library.vm : org.apache.velocity.exception.ResourceNotFoundException: Unable to find resource 'VM_global_library.vm'
2013-07-21 00:44:00,273 - Velocimacro :  VM library template macro registration complete.
2013-07-21 00:44:00,273 - Velocimacro : allowInline = true : VMs can be defined inline in templates
2013-07-21 00:44:00,273 - Velocimacro : allowInlineToOverride = false : VMs defined inline may NOT replace previous VM definitions
2013-07-21 00:44:00,273 - Velocimacro : allowInlineLocal = false : VMs defined inline will be  global in scope if allowed.
2013-07-21 00:44:00,273 - Velocimacro : messages on  : VM system will output logging messages
2013-07-21 00:44:00,273 - Velocimacro : autoload off  : VM system will not automatically reload global library macros
2013-07-21 00:44:00,273 - Velocimacro : initialization complete.
2013-07-21 00:44:00,273 - Velocity successfully started.
2013-07-21 00:52:55,416 - SimpleLog4JLogSystem initialized using logfile 'velocity.log'
2013-07-21 00:52:55,417 - ************************************************************** 
2013-07-21 00:52:55,417 - Starting Jakarta Velocity v1.4
2013-07-21 00:52:55,417 - RuntimeInstance initializing.
2013-07-21 00:52:55,417 - Default Properties File: org/apache/velocity/runtime/defaults/velocity.properties
2013-07-21 00:52:55,417 - Trying to use logger class org.apache.velocity.runtime.log.SimpleLog4JLogSystem
2013-07-21 00:52:55,417 - Using logger class org.apache.velocity.runtime.log.SimpleLog4JLogSystem
2013-07-21 00:52:55,420 - Default ResourceManager initializing. (class org.apache.velocity.runtime.resource.ResourceManagerImpl)
2013-07-21 00:52:55,423 - Resource Loader Instantiated: org.apache.velocity.runtime.resource.loader.ClasspathResourceLoader
2013-07-21 00:52:55,423 - ClasspathResourceLoader : initialization starting.
2013-07-21 00:52:55,423 - ClasspathResourceLoader : initialization complete.
2013-07-21 00:52:55,424 - ResourceCache : initialized. (class org.apache.velocity.runtime.resource.ResourceCacheImpl)
2013-07-21 00:52:55,424 - Default ResourceManager initialization complete.
2013-07-21 00:52:55,426 - Loaded System Directive: org.apache.velocity.runtime.directive.Literal
2013-07-21 00:52:55,428 - Loaded System Directive: org.apache.velocity.runtime.directive.Macro
2013-07-21 00:52:55,430 - Loaded System Directive: org.apache.velocity.runtime.directive.Parse
2013-07-21 00:52:55,432 - Loaded System Directive: org.apache.velocity.runtime.directive.Include
2013-07-21 00:52:55,433 - Loaded System Directive: org.apache.velocity.runtime.directive.Foreach
2013-07-21 00:52:55,456 - Created: 20 parsers.
2013-07-21 00:52:55,466 - Velocimacro : initialization starting.
2013-07-21 00:52:55,466 - Velocimacro : adding VMs from VM library template : VM_global_library.vm
2013-07-21 00:52:55,469 - ResourceManager : unable to find resource 'VM_global_library.vm' in any resource loader.
2013-07-21 00:52:55,469 - Velocimacro : error using  VM library template VM_global_library.vm : org.apache.velocity.exception.ResourceNotFoundException: Unable to find resource 'VM_global_library.vm'
2013-07-21 00:52:55,469 - Velocimacro :  VM library template macro registration complete.
2013-07-21 00:52:55,469 - Velocimacro : allowInline = true : VMs can be defined inline in templates
2013-07-21 00:52:55,469 - Velocimacro : allowInlineToOverride = false : VMs defined inline may NOT replace previous VM definitions
2013-07-21 00:52:55,469 - Velocimacro : allowInlineLocal = false : VMs defined inline will be  global in scope if allowed.
2013-07-21 00:52:55,469 - Velocimacro : messages on  : VM system will output logging messages
2013-07-21 00:52:55,469 - Velocimacro : autoload off  : VM system will not automatically reload global library macros
2013-07-21 00:52:55,469 - Velocimacro : initialization complete.
2013-07-21 00:52:55,469 - Velocity successfully started.
2013-07-21 00:56:32,614 - SimpleLog4JLogSystem initialized using logfile 'velocity.log'
2013-07-21 00:56:32,615 - ************************************************************** 
2013-07-21 00:56:32,615 - Starting Jakarta Velocity v1.4
2013-07-21 00:56:32,615 - RuntimeInstance initializing.
2013-07-21 00:56:32,615 - Default Properties File: org/apache/velocity/runtime/defaults/velocity.properties
2013-07-21 00:56:32,615 - Trying to use logger class org.apache.velocity.runtime.log.SimpleLog4JLogSystem
2013-07-21 00:56:32,615 - Using logger class org.apache.velocity.runtime.log.SimpleLog4JLogSystem
2013-07-21 00:56:32,617 - Default ResourceManager initializing. (class org.apache.velocity.runtime.resource.ResourceManagerImpl)
2013-07-21 00:56:32,620 - Resource Loader Instantiated: org.apache.velocity.runtime.resource.loader.ClasspathResourceLoader
2013-07-21 00:56:32,620 - ClasspathResourceLoader : initialization starting.
2013-07-21 00:56:32,620 - ClasspathResourceLoader : initialization complete.
2013-07-21 00:56:32,622 - ResourceCache : initialized. (class org.apache.velocity.runtime.resource.ResourceCacheImpl)
2013-07-21 00:56:32,622 - Default ResourceManager initialization complete.
2013-07-21 00:56:32,623 - Loaded System Directive: org.apache.velocity.runtime.directive.Literal
2013-07-21 00:56:32,625 - Loaded System Directive: org.apache.velocity.runtime.directive.Macro
2013-07-21 00:56:32,627 - Loaded System Directive: org.apache.velocity.runtime.directive.Parse
2013-07-21 00:56:32,629 - Loaded System Directive: org.apache.velocity.runtime.directive.Include
2013-07-21 00:56:32,630 - Loaded System Directive: org.apache.velocity.runtime.directive.Foreach
2013-07-21 00:56:32,654 - Created: 20 parsers.
2013-07-21 00:56:32,664 - Velocimacro : initialization starting.
2013-07-21 00:56:32,664 - Velocimacro : adding VMs from VM library template : VM_global_library.vm
2013-07-21 00:56:32,667 - ResourceManager : unable to find resource 'VM_global_library.vm' in any resource loader.
2013-07-21 00:56:32,668 - Velocimacro : error using  VM library template VM_global_library.vm : org.apache.velocity.exception.ResourceNotFoundException: Unable to find resource 'VM_global_library.vm'
2013-07-21 00:56:32,668 - Velocimacro :  VM library template macro registration complete.
2013-07-21 00:56:32,668 - Velocimacro : allowInline = true : VMs can be defined inline in templates
2013-07-21 00:56:32,668 - Velocimacro : allowInlineToOverride = false : VMs defined inline may NOT replace previous VM definitions
2013-07-21 00:56:32,668 - Velocimacro : allowInlineLocal = false : VMs defined inline will be  global in scope if allowed.
2013-07-21 00:56:32,668 - Velocimacro : messages on  : VM system will output logging messages
2013-07-21 00:56:32,668 - Velocimacro : autoload off  : VM system will not automatically reload global library macros
2013-07-21 00:56:32,668 - Velocimacro : initialization complete.
2013-07-21 00:56:32,668 - Velocity successfully started.
2013-07-21 00:58:41,641 - SimpleLog4JLogSystem initialized using logfile 'velocity.log'
2013-07-21 00:58:41,641 - ************************************************************** 
2013-07-21 00:58:41,641 - Starting Jakarta Velocity v1.4
2013-07-21 00:58:41,641 - RuntimeInstance initializing.
2013-07-21 00:58:41,641 - Default Properties File: org/apache/velocity/runtime/defaults/velocity.properties
2013-07-21 00:58:41,641 - Trying to use logger class org.apache.velocity.runtime.log.SimpleLog4JLogSystem
2013-07-21 00:58:41,641 - Using logger class org.apache.velocity.runtime.log.SimpleLog4JLogSystem
2013-07-21 00:58:41,644 - Default ResourceManager initializing. (class org.apache.velocity.runtime.resource.ResourceManagerImpl)
2013-07-21 00:58:41,647 - Resource Loader Instantiated: org.apache.velocity.runtime.resource.loader.ClasspathResourceLoader
2013-07-21 00:58:41,647 - ClasspathResourceLoader : initialization starting.
2013-07-21 00:58:41,647 - ClasspathResourceLoader : initialization complete.
2013-07-21 00:58:41,648 - ResourceCache : initialized. (class org.apache.velocity.runtime.resource.ResourceCacheImpl)
2013-07-21 00:58:41,649 - Default ResourceManager initialization complete.
2013-07-21 00:58:41,650 - Loaded System Directive: org.apache.velocity.runtime.directive.Literal
2013-07-21 00:58:41,652 - Loaded System Directive: org.apache.velocity.runtime.directive.Macro
2013-07-21 00:58:41,655 - Loaded System Directive: org.apache.velocity.runtime.directive.Parse
2013-07-21 00:58:41,656 - Loaded System Directive: org.apache.velocity.runtime.directive.Include
2013-07-21 00:58:41,657 - Loaded System Directive: org.apache.velocity.runtime.directive.Foreach
2013-07-21 00:58:41,684 - Created: 20 parsers.
2013-07-21 00:58:41,695 - Velocimacro : initialization starting.
2013-07-21 00:58:41,695 - Velocimacro : adding VMs from VM library template : VM_global_library.vm
2013-07-21 00:58:41,698 - ResourceManager : unable to find resource 'VM_global_library.vm' in any resource loader.
2013-07-21 00:58:41,698 - Velocimacro : error using  VM library template VM_global_library.vm : org.apache.velocity.exception.ResourceNotFoundException: Unable to find resource 'VM_global_library.vm'
2013-07-21 00:58:41,698 - Velocimacro :  VM library template macro registration complete.
2013-07-21 00:58:41,698 - Velocimacro : allowInline = true : VMs can be defined inline in templates
2013-07-21 00:58:41,698 - Velocimacro : allowInlineToOverride = false : VMs defined inline may NOT replace previous VM definitions
2013-07-21 00:58:41,698 - Velocimacro : allowInlineLocal = false : VMs defined inline will be  global in scope if allowed.
2013-07-21 00:58:41,698 - Velocimacro : messages on  : VM system will output logging messages
2013-07-21 00:58:41,698 - Velocimacro : autoload off  : VM system will not automatically reload global library macros
2013-07-21 00:58:41,698 - Velocimacro : initialization complete.
2013-07-21 00:58:41,698 - Velocity successfully started.
2013-07-21 00:58:51,067 - SimpleLog4JLogSystem initialized using logfile 'velocity.log'
2013-07-21 00:58:51,067 - ************************************************************** 
2013-07-21 00:58:51,067 - Starting Jakarta Velocity v1.4
2013-07-21 00:58:51,067 - RuntimeInstance initializing.
2013-07-21 00:58:51,067 - Default Properties File: org/apache/velocity/runtime/defaults/velocity.properties
2013-07-21 00:58:51,067 - Trying to use logger class org.apache.velocity.runtime.log.SimpleLog4JLogSystem
2013-07-21 00:58:51,068 - Using logger class org.apache.velocity.runtime.log.SimpleLog4JLogSystem
2013-07-21 00:58:51,070 - Default ResourceManager initializing. (class org.apache.velocity.runtime.resource.ResourceManagerImpl)
2013-07-21 00:58:51,073 - Resource Loader Instantiated: org.apache.velocity.runtime.resource.loader.ClasspathResourceLoader
2013-07-21 00:58:51,073 - ClasspathResourceLoader : initialization starting.
2013-07-21 00:58:51,073 - ClasspathResourceLoader : initialization complete.
2013-07-21 00:58:51,075 - ResourceCache : initialized. (class org.apache.velocity.runtime.resource.ResourceCacheImpl)
2013-07-21 00:58:51,075 - Default ResourceManager initialization complete.
2013-07-21 00:58:51,076 - Loaded System Directive: org.apache.velocity.runtime.directive.Literal
2013-07-21 00:58:51,078 - Loaded System Directive: org.apache.velocity.runtime.directive.Macro
2013-07-21 00:58:51,080 - Loaded System Directive: org.apache.velocity.runtime.directive.Parse
2013-07-21 00:58:51,082 - Loaded System Directive: org.apache.velocity.runtime.directive.Include
2013-07-21 00:58:51,083 - Loaded System Directive: org.apache.velocity.runtime.directive.Foreach
2013-07-21 00:58:51,107 - Created: 20 parsers.
2013-07-21 00:58:51,117 - Velocimacro : initialization starting.
2013-07-21 00:58:51,117 - Velocimacro : adding VMs from VM library template : VM_global_library.vm
2013-07-21 00:58:51,120 - ResourceManager : unable to find resource 'VM_global_library.vm' in any resource loader.
2013-07-21 00:58:51,120 - Velocimacro : error using  VM library template VM_global_library.vm : org.apache.velocity.exception.ResourceNotFoundException: Unable to find resource 'VM_global_library.vm'
2013-07-21 00:58:51,120 - Velocimacro :  VM library template macro registration complete.
2013-07-21 00:58:51,120 - Velocimacro : allowInline = true : VMs can be defined inline in templates
2013-07-21 00:58:51,120 - Velocimacro : allowInlineToOverride = false : VMs defined inline may NOT replace previous VM definitions
2013-07-21 00:58:51,120 - Velocimacro : allowInlineLocal = false : VMs defined inline will be  global in scope if allowed.
2013-07-21 00:58:51,120 - Velocimacro : messages on  : VM system will output logging messages
2013-07-21 00:58:51,120 - Velocimacro : autoload off  : VM system will not automatically reload global library macros
2013-07-21 00:58:51,120 - Velocimacro : initialization complete.
2013-07-21 00:58:51,120 - Velocity successfully started.
2013-07-21 01:00:32,536 - SimpleLog4JLogSystem initialized using logfile 'velocity.log'
2013-07-21 01:00:32,536 - ************************************************************** 
2013-07-21 01:00:32,536 - Starting Jakarta Velocity v1.4
2013-07-21 01:00:32,536 - RuntimeInstance initializing.
2013-07-21 01:00:32,536 - Default Properties File: org/apache/velocity/runtime/defaults/velocity.properties
2013-07-21 01:00:32,536 - Trying to use logger class org.apache.velocity.runtime.log.SimpleLog4JLogSystem
2013-07-21 01:00:32,536 - Using logger class org.apache.velocity.runtime.log.SimpleLog4JLogSystem
2013-07-21 01:00:32,540 - Default ResourceManager initializing. (class org.apache.velocity.runtime.resource.ResourceManagerImpl)
2013-07-21 01:00:32,543 - Resource Loader Instantiated: org.apache.velocity.runtime.resource.loader.ClasspathResourceLoader
2013-07-21 01:00:32,543 - ClasspathResourceLoader : initialization starting.
2013-07-21 01:00:32,543 - ClasspathResourceLoader : initialization complete.
2013-07-21 01:00:32,545 - ResourceCache : initialized. (class org.apache.velocity.runtime.resource.ResourceCacheImpl)
2013-07-21 01:00:32,545 - Default ResourceManager initialization complete.
2013-07-21 01:00:32,546 - Loaded System Directive: org.apache.velocity.runtime.directive.Literal
2013-07-21 01:00:32,548 - Loaded System Directive: org.apache.velocity.runtime.directive.Macro
2013-07-21 01:00:32,551 - Loaded System Directive: org.apache.velocity.runtime.directive.Parse
2013-07-21 01:00:32,552 - Loaded System Directive: org.apache.velocity.runtime.directive.Include
2013-07-21 01:00:32,553 - Loaded System Directive: org.apache.velocity.runtime.directive.Foreach
2013-07-21 01:00:32,577 - Created: 20 parsers.
2013-07-21 01:00:32,587 - Velocimacro : initialization starting.
2013-07-21 01:00:32,587 - Velocimacro : adding VMs from VM library template : VM_global_library.vm
2013-07-21 01:00:32,590 - ResourceManager : unable to find resource 'VM_global_library.vm' in any resource loader.
2013-07-21 01:00:32,590 - Velocimacro : error using  VM library template VM_global_library.vm : org.apache.velocity.exception.ResourceNotFoundException: Unable to find resource 'VM_global_library.vm'
2013-07-21 01:00:32,590 - Velocimacro :  VM library template macro registration complete.
2013-07-21 01:00:32,590 - Velocimacro : allowInline = true : VMs can be defined inline in templates
2013-07-21 01:00:32,590 - Velocimacro : allowInlineToOverride = false : VMs defined inline may NOT replace previous VM definitions
2013-07-21 01:00:32,590 - Velocimacro : allowInlineLocal = false : VMs defined inline will be  global in scope if allowed.
2013-07-21 01:00:32,591 - Velocimacro : messages on  : VM system will output logging messages
2013-07-21 01:00:32,591 - Velocimacro : autoload off  : VM system will not automatically reload global library macros
2013-07-21 01:00:32,591 - Velocimacro : initialization complete.
2013-07-21 01:00:32,591 - Velocity successfully started.
